 [2015-12-29 14:15:06.008117]  level:ERROR ==> 'User' has not attribute 'xx'  
 [2015-12-29 14:15:28.012079]  level:ERROR ==> 'User' has not attribute 'xx'  
 [2015-12-29 14:16:39.198728]  level:ERROR ==> 'User' has not attribute 'xx'  
 [2015-12-29 14:16:59.311855]  level:ERROR ==> 'User' has not attribute 'xx'  
 [2015-12-29 14:24:57.258931]  level:WARNING ==> 'User' has not attribute 'xx'  
 [2015-12-29 14:25:40.962536]  level:WARNING ==> 'User' has not attribute 'xx'  
 [2015-12-29 14:25:40.963050]  level:WARNING ==> 'User' has not attribute 'xx'  
 [2015-12-29 14:26:53.875384]  level:WARNING ==> 'User' has not attribute 'xx'  
 [2015-12-29 14:26:53.875874]  level:WARNING ==> 'User' has not attribute 'xx'  
 [2015-12-29 14:29:04.663149]  level:WARNING ==> 'User' has not attribute 'xx'  
 [2015-12-29 14:30:14.085163]  level:WARNING ==> 'User' has not attribute 'xx'  
 [2015-12-29 14:30:14.085605]  level:WARNING ==> 'User' has not attribute 'xx'  
 [2015-12-29 14:30:44.292397]  level:WARNING ==> 'User' has not attribute 'xx'  
 [2015-12-29 14:30:44.292796]  level:WARNING ==> 'User' has not attribute 'xx'  
 [2015-12-29 14:36:23.411029]  level:WARNING ==> 'User' has not attribute '__x__'  
 [2015-12-29 14:36:23.411311]  level:WARNING ==> 'User' has not attribute '__xx__'  
 [2015-12-29 15:17:18.487172]  level:ERROR ==> 'name' column can't be null  
 [2015-12-29 16:04:40.946081]  level:ERROR ==> 'name' column can't be null  
 [2015-12-29 16:05:14.693156]  level:ERROR ==> 'User' has no column 'id'  
 [2015-12-29 16:05:48.177861]  level:ERROR ==> 'name' column can't be null  
 [2015-12-29 16:07:24.983903]  level:WARNING ==> 'User' has not column 'id'  
 [2015-12-29 16:07:48.407611]  level:WARNING ==> 'User' has not column 'id'  
